<?xml version="1.0" encoding="UTF-8"?>
<!-- Generated by org.testng.reporters.JUnitReportReporter -->
<testsuite hostname="VenkatM3IN" failures="0" tests="1" name="com.inetbanking.pageObjects.SignIn" time="0.011" errors="0" timestamp="2021-11-20T21:02:31 IST" skipped="0">
  <testcase classname="com.inetbanking.pageObjects.SignIn" name="f" time="0.011"/>
  <system-out/>
</testsuite> <!-- com.inetbanking.pageObjects.SignIn -->
