<?xml version="1.0" encoding="UTF-8"?>
<!-- Generated by org.testng.reporters.JUnitReportReporter -->
<testsuite hostname="VenkatM3IN" failures="0" tests="1" name="com.inetbanking.testCases.WindowHandling" time="50.240" errors="0" timestamp="2021-11-13T10:58:32 IST" skipped="0">
  <testcase classname="com.inetbanking.testCases.WindowHandling" name="f" time="50.240"/>
  <system-out/>
</testsuite> <!-- com.inetbanking.testCases.WindowHandling -->
