<?xml version="1.0" encoding="UTF-8"?>
<!-- Generated by org.testng.reporters.JUnitReportReporter -->
<testsuite hostname="VenkatM3IN" failures="0" tests="1" name="com.inetbanking.testCases.Log4j" time="0.009" errors="0" timestamp="2021-11-12T23:07:15 IST" skipped="0">
  <testcase classname="com.inetbanking.testCases.Log4j" name="f" time="0.009"/>
  <system-out/>
</testsuite> <!-- com.inetbanking.testCases.Log4j -->
