<?xml version="1.0" encoding="UTF-8"?>
<!-- Generated by org.testng.reporters.JUnitReportReporter -->
<testsuite hostname="VenkatM3IN" failures="0" tests="3" name="com.inetbanking.testCases.TestNG1" time="0.006" errors="0" timestamp="2021-11-12T22:36:07 IST" skipped="0">
  <testcase classname="com.inetbanking.testCases.TestNG1" name="f3" time="0.002"/>
  <system-out/>
  <testcase classname="com.inetbanking.testCases.TestNG1" name="f2" time="0.003"/>
  <system-out/>
  <testcase classname="com.inetbanking.testCases.TestNG1" name="f1" time="0.001"/>
  <system-out/>
</testsuite> <!-- com.inetbanking.testCases.TestNG1 -->
