<?xml version="1.0" encoding="UTF-8"?>
<!-- Generated by org.testng.reporters.JUnitReportReporter -->
<testsuite hostname="VenkatM3IN" failures="0" tests="1" name="com.inetBankingV1.testcases.TC_LoginTest_001" time="0.218" errors="0" timestamp="2021-11-23T12:38:48 IST" skipped="0">
  <testcase classname="com.inetBankingV1.testcases.TC_LoginTest_001" name="Login" time="0.218"/>
  <system-out/>
</testsuite> <!-- com.inetBankingV1.testcases.TC_LoginTest_001 -->
