<?xml version="1.0" encoding="UTF-8"?>
<!-- Generated by org.testng.reporters.JUnitReportReporter -->
<testsuite skipped="0" hostname="VenkatM3IN" name="com.inetBankingV1.testcases.TC_LoginTest_001" tests="1" failures="0" timestamp="2021-11-23T14:42:06 IST" time="0.322" errors="0">
  <testcase name="Login" time="0.322" classname="com.inetBankingV1.testcases.TC_LoginTest_001"/>
  <system-out/>
</testsuite> <!-- com.inetBankingV1.testcases.TC_LoginTest_001 -->
